{"timestamp":"2026-04-19T01:49:02.664835Z","level":"info","event":"NumExpr defaulting to 4 threads.","logger":"numexpr.utils","filename":"utils.py","lineno":164}
{"timestamp":"2026-04-19T01:49:03.805494Z","level":"info","event":"DAG bundles loaded: dags-folder, example_dags","logger":"airflow.dag_processing.bundles.manager.DagBundlesManager","filename":"manager.py","lineno":179}
{"timestamp":"2026-04-19T01:49:03.806414Z","level":"info","event":"Filling up the DagBag from /opt/airflow/dags/classification_dag.py","logger":"airflow.models.dagbag.DagBag","filename":"dagbag.py","lineno":593}
{"timestamp":"2026-04-19T01:49:03.928702Z","level":"info","event":"Task instance is in running state","logger":"task.stdout"}
{"timestamp":"2026-04-19T01:49:03.929683Z","level":"info","event":" Previous state of the Task instance: TaskInstanceState.QUEUED","logger":"task.stdout"}
{"timestamp":"2026-04-19T01:49:03.930675Z","level":"info","event":"Current task name:DataTransformation","logger":"task.stdout"}
{"timestamp":"2026-04-19T01:49:03.930950Z","level":"info","event":"Dag name:Classification_dag","logger":"task.stdout"}
{"timestamp":"2026-04-19T01:49:03.959099Z","level":"info","event":"Could not load connection string spark_default, defaulting to yarn","logger":"airflow.task.hooks.airflow.providers.apache.spark.hooks.spark_submit.SparkSubmitHook","filename":"spark_submit.py","lineno":313}
{"timestamp":"2026-04-19T01:49:03.960473Z","level":"info","event":"Spark-Submit cmd: spark-submit --master yarn --jars /opt/airflow/spark_jobs/jars/postgresql-42.2.5.jar --name arrow-spark /opt/airflow/spark_jobs/run_classification.py","logger":"airflow.task.hooks.airflow.providers.apache.spark.hooks.spark_submit.SparkSubmitHook","filename":"spark_submit.py","lineno":493}
{"timestamp":"2026-04-19T01:49:05.507337Z","level":"info","event":"WARNING: Using incubator modules: jdk.incubator.vector","logger":"airflow.task.hooks.airflow.providers.apache.spark.hooks.spark_submit.SparkSubmitHook","filename":"spark_submit.py","lineno":663}
{"timestamp":"2026-04-19T01:49:09.801158Z","level":"info","event":"Exception in thread \"main\" org.apache.spark.SparkException: When running with master 'yarn' either HADOOP_CONF_DIR or YARN_CONF_DIR must be set in the environment.","logger":"airflow.task.hooks.airflow.providers.apache.spark.hooks.spark_submit.SparkSubmitHook","filename":"spark_submit.py","lineno":663}
{"timestamp":"2026-04-19T01:49:09.802051Z","level":"info","event":"at org.apache.spark.deploy.SparkSubmitArguments.error(SparkSubmitArguments.scala:640)","logger":"airflow.task.hooks.airflow.providers.apache.spark.hooks.spark_submit.SparkSubmitHook","filename":"spark_submit.py","lineno":663}
{"timestamp":"2026-04-19T01:49:09.802157Z","level":"info","event":"at org.apache.spark.deploy.SparkSubmitArguments.validateSubmitArguments(SparkSubmitArguments.scala:287)","logger":"airflow.task.hooks.airflow.providers.apache.spark.hooks.spark_submit.SparkSubmitHook","filename":"spark_submit.py","lineno":663}
{"timestamp":"2026-04-19T01:49:09.804398Z","level":"info","event":"at org.apache.spark.deploy.SparkSubmitArguments.validateArguments(SparkSubmitArguments.scala:245)","logger":"airflow.task.hooks.airflow.providers.apache.spark.hooks.spark_submit.SparkSubmitHook","filename":"spark_submit.py","lineno":663}
{"timestamp":"2026-04-19T01:49:09.804496Z","level":"info","event":"at org.apache.spark.deploy.SparkSubmitArguments.<init>(SparkSubmitArguments.scala:104)","logger":"airflow.task.hooks.airflow.providers.apache.spark.hooks.spark_submit.SparkSubmitHook","filename":"spark_submit.py","lineno":663}
{"timestamp":"2026-04-19T01:49:09.804564Z","level":"info","event":"at org.apache.spark.deploy.SparkSubmit$$anon$2$$anon$3.<init>(SparkSubmit.scala:1101)","logger":"airflow.task.hooks.airflow.providers.apache.spark.hooks.spark_submit.SparkSubmitHook","filename":"spark_submit.py","lineno":663}
{"timestamp":"2026-04-19T01:49:09.804631Z","level":"info","event":"at org.apache.spark.deploy.SparkSubmit$$anon$2.parseArguments(SparkSubmit.scala:1101)","logger":"airflow.task.hooks.airflow.providers.apache.spark.hooks.spark_submit.SparkSubmitHook","filename":"spark_submit.py","lineno":663}
{"timestamp":"2026-04-19T01:49:09.804697Z","level":"info","event":"at org.apache.spark.deploy.SparkSubmit.doSubmit(SparkSubmit.scala:72)","logger":"airflow.task.hooks.airflow.providers.apache.spark.hooks.spark_submit.SparkSubmitHook","filename":"spark_submit.py","lineno":663}
{"timestamp":"2026-04-19T01:49:09.804763Z","level":"info","event":"at org.apache.spark.deploy.SparkSubmit$$anon$2.doSubmit(SparkSubmit.scala:1132)","logger":"airflow.task.hooks.airflow.providers.apache.spark.hooks.spark_submit.SparkSubmitHook","filename":"spark_submit.py","lineno":663}
{"timestamp":"2026-04-19T01:49:09.804819Z","level":"info","event":"at org.apache.spark.deploy.SparkSubmit$.main(SparkSubmit.scala:1141)","logger":"airflow.task.hooks.airflow.providers.apache.spark.hooks.spark_submit.SparkSubmitHook","filename":"spark_submit.py","lineno":663}
{"timestamp":"2026-04-19T01:49:09.804897Z","level":"info","event":"at org.apache.spark.deploy.SparkSubmit.main(SparkSubmit.scala)","logger":"airflow.task.hooks.airflow.providers.apache.spark.hooks.spark_submit.SparkSubmitHook","filename":"spark_submit.py","lineno":663}
{"timestamp":"2026-04-19T01:49:09.856783Z","level":"error","event":"Task failed with exception","logger":"task","filename":"task_runner.py","lineno":972,"error_detail":[{"exc_type":"AirflowException","exc_value":"Cannot execute: spark-submit --master yarn --jars /opt/airflow/spark_jobs/jars/postgresql-42.2.5.jar --name arrow-spark /opt/airflow/spark_jobs/run_classification.py. Error code is: 1.","exc_notes":[],"syntax_error":null,"is_cause":false,"frames":[{"filename":"/home/airflow/.local/lib/python3.10/site-packages/airflow/sdk/execution_time/task_runner.py","lineno":920,"name":"run"},{"filename":"/home/airflow/.local/lib/python3.10/site-packages/airflow/sdk/execution_time/task_runner.py","lineno":1307,"name":"_execute_task"},{"filename":"/home/airflow/.local/lib/python3.10/site-packages/airflow/sdk/bases/operator.py","lineno":416,"name":"wrapper"},{"filename":"/home/airflow/.local/lib/python3.10/site-packages/airflow/providers/apache/spark/operators/spark_submit.py","lineno":194,"name":"execute"},{"filename":"/home/airflow/.local/lib/python3.10/site-packages/airflow/providers/apache/spark/hooks/spark_submit.py","lineno":585,"name":"submit"}],"is_group":false,"exceptions":[]}]}
{"timestamp":"2026-04-19T01:49:09.893496Z","level":"info","event":"Task instance in failure state","logger":"task.stdout"}
{"timestamp":"2026-04-19T01:49:09.893741Z","level":"info","event":"Task start","logger":"task.stdout"}
{"timestamp":"2026-04-19T01:49:09.893853Z","level":"info","event":"Task:<Task(SparkSubmitOperator): DataTransformation>","logger":"task.stdout"}
{"timestamp":"2026-04-19T01:49:09.893975Z","level":"info","event":"Failure caused by Cannot execute: spark-submit --master yarn --jars /opt/airflow/spark_jobs/jars/postgresql-42.2.5.jar --name arrow-spark /opt/airflow/spark_jobs/run_classification.py. Error code is: 1.","logger":"task.stdout"}
