{"timestamp":"2026-04-19T01:29:39.421801Z","level":"info","event":"NumExpr defaulting to 4 threads.","logger":"numexpr.utils","filename":"utils.py","lineno":164}
{"timestamp":"2026-04-19T01:29:39.883494Z","level":"info","event":"DAG bundles loaded: dags-folder, example_dags","logger":"airflow.dag_processing.bundles.manager.DagBundlesManager","filename":"manager.py","lineno":179}
{"timestamp":"2026-04-19T01:29:39.884254Z","level":"info","event":"Filling up the DagBag from /opt/airflow/dags/classification_dag.py","logger":"airflow.models.dagbag.DagBag","filename":"dagbag.py","lineno":593}
{"timestamp":"2026-04-19T01:29:39.953972Z","level":"info","event":"Task instance is in running state","logger":"task.stdout"}
{"timestamp":"2026-04-19T01:29:39.954207Z","level":"info","event":" Previous state of the Task instance: TaskInstanceState.QUEUED","logger":"task.stdout"}
{"timestamp":"2026-04-19T01:29:39.954613Z","level":"info","event":"Current task name:wait_for_sql","logger":"task.stdout"}
{"timestamp":"2026-04-19T01:29:39.954811Z","level":"info","event":"Dag name:Classification_dag","logger":"task.stdout"}
{"timestamp":"2026-04-19T01:29:39.974225Z","level":"info","event":"Poking: SELECT COUNT(*) FROM news WHERE category IS NULL; (with parameters None)","logger":"airflow.task.operators.airflow.providers.common.sql.sensors.sql.SqlSensor","filename":"sql.py","lineno":101}
{"timestamp":"2026-04-19T01:29:39.991393Z","level":"info","event":"Running statement: SELECT COUNT(*) FROM news WHERE category IS NULL;, parameters: None","logger":"airflow.task.hooks.airflow.providers.postgres.hooks.postgres.PostgresHook","filename":"sql.py","lineno":810}
{"timestamp":"2026-04-19T01:29:39.994659Z","level":"info","event":"Rows affected: 1","logger":"airflow.task.hooks.airflow.providers.postgres.hooks.postgres.PostgresHook","filename":"sql.py","lineno":822}
{"timestamp":"2026-04-19T01:30:10.033902Z","level":"info","event":"Poking: SELECT COUNT(*) FROM news WHERE category IS NULL; (with parameters None)","logger":"airflow.task.operators.airflow.providers.common.sql.sensors.sql.SqlSensor","filename":"sql.py","lineno":101}
{"timestamp":"2026-04-19T01:30:10.061271Z","level":"info","event":"Running statement: SELECT COUNT(*) FROM news WHERE category IS NULL;, parameters: None","logger":"airflow.task.hooks.airflow.providers.postgres.hooks.postgres.PostgresHook","filename":"sql.py","lineno":810}
{"timestamp":"2026-04-19T01:30:10.063046Z","level":"info","event":"Rows affected: 1","logger":"airflow.task.hooks.airflow.providers.postgres.hooks.postgres.PostgresHook","filename":"sql.py","lineno":822}
{"timestamp":"2026-04-19T01:30:40.110185Z","level":"info","event":"Poking: SELECT COUNT(*) FROM news WHERE category IS NULL; (with parameters None)","logger":"airflow.task.operators.airflow.providers.common.sql.sensors.sql.SqlSensor","filename":"sql.py","lineno":101}
{"timestamp":"2026-04-19T01:30:40.137619Z","level":"info","event":"Running statement: SELECT COUNT(*) FROM news WHERE category IS NULL;, parameters: None","logger":"airflow.task.hooks.airflow.providers.postgres.hooks.postgres.PostgresHook","filename":"sql.py","lineno":810}
{"timestamp":"2026-04-19T01:30:40.140178Z","level":"info","event":"Rows affected: 1","logger":"airflow.task.hooks.airflow.providers.postgres.hooks.postgres.PostgresHook","filename":"sql.py","lineno":822}
{"timestamp":"2026-04-19T01:31:10.185908Z","level":"info","event":"Poking: SELECT COUNT(*) FROM news WHERE category IS NULL; (with parameters None)","logger":"airflow.task.operators.airflow.providers.common.sql.sensors.sql.SqlSensor","filename":"sql.py","lineno":101}
{"timestamp":"2026-04-19T01:31:10.212552Z","level":"info","event":"Running statement: SELECT COUNT(*) FROM news WHERE category IS NULL;, parameters: None","logger":"airflow.task.hooks.airflow.providers.postgres.hooks.postgres.PostgresHook","filename":"sql.py","lineno":810}
{"timestamp":"2026-04-19T01:31:10.215111Z","level":"info","event":"Rows affected: 1","logger":"airflow.task.hooks.airflow.providers.postgres.hooks.postgres.PostgresHook","filename":"sql.py","lineno":822}
{"timestamp":"2026-04-19T01:31:40.265039Z","level":"info","event":"Poking: SELECT COUNT(*) FROM news WHERE category IS NULL; (with parameters None)","logger":"airflow.task.operators.airflow.providers.common.sql.sensors.sql.SqlSensor","filename":"sql.py","lineno":101}
{"timestamp":"2026-04-19T01:31:40.292025Z","level":"info","event":"Running statement: SELECT COUNT(*) FROM news WHERE category IS NULL;, parameters: None","logger":"airflow.task.hooks.airflow.providers.postgres.hooks.postgres.PostgresHook","filename":"sql.py","lineno":810}
{"timestamp":"2026-04-19T01:31:40.294616Z","level":"info","event":"Rows affected: 1","logger":"airflow.task.hooks.airflow.providers.postgres.hooks.postgres.PostgresHook","filename":"sql.py","lineno":822}
{"timestamp":"2026-04-19T01:32:10.336431Z","level":"info","event":"Poking: SELECT COUNT(*) FROM news WHERE category IS NULL; (with parameters None)","logger":"airflow.task.operators.airflow.providers.common.sql.sensors.sql.SqlSensor","filename":"sql.py","lineno":101}
{"timestamp":"2026-04-19T01:32:10.353061Z","level":"info","event":"Running statement: SELECT COUNT(*) FROM news WHERE category IS NULL;, parameters: None","logger":"airflow.task.hooks.airflow.providers.postgres.hooks.postgres.PostgresHook","filename":"sql.py","lineno":810}
{"timestamp":"2026-04-19T01:32:10.354309Z","level":"info","event":"Rows affected: 1","logger":"airflow.task.hooks.airflow.providers.postgres.hooks.postgres.PostgresHook","filename":"sql.py","lineno":822}
{"timestamp":"2026-04-19T01:32:40.402278Z","level":"info","event":"Poking: SELECT COUNT(*) FROM news WHERE category IS NULL; (with parameters None)","logger":"airflow.task.operators.airflow.providers.common.sql.sensors.sql.SqlSensor","filename":"sql.py","lineno":101}
{"timestamp":"2026-04-19T01:32:40.429953Z","level":"info","event":"Running statement: SELECT COUNT(*) FROM news WHERE category IS NULL;, parameters: None","logger":"airflow.task.hooks.airflow.providers.postgres.hooks.postgres.PostgresHook","filename":"sql.py","lineno":810}
{"timestamp":"2026-04-19T01:32:40.431851Z","level":"info","event":"Rows affected: 1","logger":"airflow.task.hooks.airflow.providers.postgres.hooks.postgres.PostgresHook","filename":"sql.py","lineno":822}
{"timestamp":"2026-04-19T01:33:10.481066Z","level":"info","event":"Poking: SELECT COUNT(*) FROM news WHERE category IS NULL; (with parameters None)","logger":"airflow.task.operators.airflow.providers.common.sql.sensors.sql.SqlSensor","filename":"sql.py","lineno":101}
{"timestamp":"2026-04-19T01:33:10.508670Z","level":"info","event":"Running statement: SELECT COUNT(*) FROM news WHERE category IS NULL;, parameters: None","logger":"airflow.task.hooks.airflow.providers.postgres.hooks.postgres.PostgresHook","filename":"sql.py","lineno":810}
{"timestamp":"2026-04-19T01:33:10.510487Z","level":"info","event":"Rows affected: 1","logger":"airflow.task.hooks.airflow.providers.postgres.hooks.postgres.PostgresHook","filename":"sql.py","lineno":822}
{"timestamp":"2026-04-19T01:33:40.563292Z","level":"info","event":"Poking: SELECT COUNT(*) FROM news WHERE category IS NULL; (with parameters None)","logger":"airflow.task.operators.airflow.providers.common.sql.sensors.sql.SqlSensor","filename":"sql.py","lineno":101}
{"timestamp":"2026-04-19T01:33:40.587132Z","level":"info","event":"Running statement: SELECT COUNT(*) FROM news WHERE category IS NULL;, parameters: None","logger":"airflow.task.hooks.airflow.providers.postgres.hooks.postgres.PostgresHook","filename":"sql.py","lineno":810}
{"timestamp":"2026-04-19T01:33:40.589383Z","level":"info","event":"Rows affected: 1","logger":"airflow.task.hooks.airflow.providers.postgres.hooks.postgres.PostgresHook","filename":"sql.py","lineno":822}
{"timestamp":"2026-04-19T01:34:10.635517Z","level":"info","event":"Poking: SELECT COUNT(*) FROM news WHERE category IS NULL; (with parameters None)","logger":"airflow.task.operators.airflow.providers.common.sql.sensors.sql.SqlSensor","filename":"sql.py","lineno":101}
{"timestamp":"2026-04-19T01:34:10.661359Z","level":"info","event":"Running statement: SELECT COUNT(*) FROM news WHERE category IS NULL;, parameters: None","logger":"airflow.task.hooks.airflow.providers.postgres.hooks.postgres.PostgresHook","filename":"sql.py","lineno":810}
{"timestamp":"2026-04-19T01:34:10.662574Z","level":"info","event":"Rows affected: 1","logger":"airflow.task.hooks.airflow.providers.postgres.hooks.postgres.PostgresHook","filename":"sql.py","lineno":822}
{"timestamp":"2026-04-19T01:34:40.705821Z","level":"info","event":"Poking: SELECT COUNT(*) FROM news WHERE category IS NULL; (with parameters None)","logger":"airflow.task.operators.airflow.providers.common.sql.sensors.sql.SqlSensor","filename":"sql.py","lineno":101}
{"timestamp":"2026-04-19T01:34:40.730344Z","level":"info","event":"Running statement: SELECT COUNT(*) FROM news WHERE category IS NULL;, parameters: None","logger":"airflow.task.hooks.airflow.providers.postgres.hooks.postgres.PostgresHook","filename":"sql.py","lineno":810}
{"timestamp":"2026-04-19T01:34:40.732384Z","level":"info","event":"Rows affected: 1","logger":"airflow.task.hooks.airflow.providers.postgres.hooks.postgres.PostgresHook","filename":"sql.py","lineno":822}
{"timestamp":"2026-04-19T01:35:10.777632Z","level":"info","event":"Poking: SELECT COUNT(*) FROM news WHERE category IS NULL; (with parameters None)","logger":"airflow.task.operators.airflow.providers.common.sql.sensors.sql.SqlSensor","filename":"sql.py","lineno":101}
{"timestamp":"2026-04-19T01:35:10.799944Z","level":"info","event":"Running statement: SELECT COUNT(*) FROM news WHERE category IS NULL;, parameters: None","logger":"airflow.task.hooks.airflow.providers.postgres.hooks.postgres.PostgresHook","filename":"sql.py","lineno":810}
{"timestamp":"2026-04-19T01:35:10.802518Z","level":"info","event":"Rows affected: 1","logger":"airflow.task.hooks.airflow.providers.postgres.hooks.postgres.PostgresHook","filename":"sql.py","lineno":822}
{"timestamp":"2026-04-19T01:35:40.837074Z","level":"info","event":"Poking: SELECT COUNT(*) FROM news WHERE category IS NULL; (with parameters None)","logger":"airflow.task.operators.airflow.providers.common.sql.sensors.sql.SqlSensor","filename":"sql.py","lineno":101}
{"timestamp":"2026-04-19T01:35:40.860197Z","level":"info","event":"Running statement: SELECT COUNT(*) FROM news WHERE category IS NULL;, parameters: None","logger":"airflow.task.hooks.airflow.providers.postgres.hooks.postgres.PostgresHook","filename":"sql.py","lineno":810}
{"timestamp":"2026-04-19T01:35:40.862977Z","level":"info","event":"Rows affected: 1","logger":"airflow.task.hooks.airflow.providers.postgres.hooks.postgres.PostgresHook","filename":"sql.py","lineno":822}
{"timestamp":"2026-04-19T01:36:10.907393Z","level":"info","event":"Poking: SELECT COUNT(*) FROM news WHERE category IS NULL; (with parameters None)","logger":"airflow.task.operators.airflow.providers.common.sql.sensors.sql.SqlSensor","filename":"sql.py","lineno":101}
{"timestamp":"2026-04-19T01:36:10.927869Z","level":"info","event":"Running statement: SELECT COUNT(*) FROM news WHERE category IS NULL;, parameters: None","logger":"airflow.task.hooks.airflow.providers.postgres.hooks.postgres.PostgresHook","filename":"sql.py","lineno":810}
{"timestamp":"2026-04-19T01:36:10.930094Z","level":"info","event":"Rows affected: 1","logger":"airflow.task.hooks.airflow.providers.postgres.hooks.postgres.PostgresHook","filename":"sql.py","lineno":822}
{"timestamp":"2026-04-19T01:36:41.020740Z","level":"info","event":"Poking: SELECT COUNT(*) FROM news WHERE category IS NULL; (with parameters None)","logger":"airflow.task.operators.airflow.providers.common.sql.sensors.sql.SqlSensor","filename":"sql.py","lineno":101}
{"timestamp":"2026-04-19T01:36:41.131859Z","level":"info","event":"Running statement: SELECT COUNT(*) FROM news WHERE category IS NULL;, parameters: None","logger":"airflow.task.hooks.airflow.providers.postgres.hooks.postgres.PostgresHook","filename":"sql.py","lineno":810}
{"timestamp":"2026-04-19T01:36:41.135200Z","level":"info","event":"Rows affected: 1","logger":"airflow.task.hooks.airflow.providers.postgres.hooks.postgres.PostgresHook","filename":"sql.py","lineno":822}
{"timestamp":"2026-04-19T01:37:11.185800Z","level":"info","event":"Poking: SELECT COUNT(*) FROM news WHERE category IS NULL; (with parameters None)","logger":"airflow.task.operators.airflow.providers.common.sql.sensors.sql.SqlSensor","filename":"sql.py","lineno":101}
{"timestamp":"2026-04-19T01:37:11.210828Z","level":"info","event":"Running statement: SELECT COUNT(*) FROM news WHERE category IS NULL;, parameters: None","logger":"airflow.task.hooks.airflow.providers.postgres.hooks.postgres.PostgresHook","filename":"sql.py","lineno":810}
{"timestamp":"2026-04-19T01:37:11.212281Z","level":"info","event":"Rows affected: 1","logger":"airflow.task.hooks.airflow.providers.postgres.hooks.postgres.PostgresHook","filename":"sql.py","lineno":822}
{"timestamp":"2026-04-19T01:37:41.262591Z","level":"info","event":"Poking: SELECT COUNT(*) FROM news WHERE category IS NULL; (with parameters None)","logger":"airflow.task.operators.airflow.providers.common.sql.sensors.sql.SqlSensor","filename":"sql.py","lineno":101}
{"timestamp":"2026-04-19T01:37:41.287771Z","level":"info","event":"Running statement: SELECT COUNT(*) FROM news WHERE category IS NULL;, parameters: None","logger":"airflow.task.hooks.airflow.providers.postgres.hooks.postgres.PostgresHook","filename":"sql.py","lineno":810}
{"timestamp":"2026-04-19T01:37:41.289148Z","level":"info","event":"Rows affected: 1","logger":"airflow.task.hooks.airflow.providers.postgres.hooks.postgres.PostgresHook","filename":"sql.py","lineno":822}
{"timestamp":"2026-04-19T01:38:11.338298Z","level":"info","event":"Poking: SELECT COUNT(*) FROM news WHERE category IS NULL; (with parameters None)","logger":"airflow.task.operators.airflow.providers.common.sql.sensors.sql.SqlSensor","filename":"sql.py","lineno":101}
{"timestamp":"2026-04-19T01:38:11.362448Z","level":"info","event":"Running statement: SELECT COUNT(*) FROM news WHERE category IS NULL;, parameters: None","logger":"airflow.task.hooks.airflow.providers.postgres.hooks.postgres.PostgresHook","filename":"sql.py","lineno":810}
{"timestamp":"2026-04-19T01:38:11.365568Z","level":"info","event":"Rows affected: 1","logger":"airflow.task.hooks.airflow.providers.postgres.hooks.postgres.PostgresHook","filename":"sql.py","lineno":822}
{"timestamp":"2026-04-19T01:38:41.413777Z","level":"info","event":"Poking: SELECT COUNT(*) FROM news WHERE category IS NULL; (with parameters None)","logger":"airflow.task.operators.airflow.providers.common.sql.sensors.sql.SqlSensor","filename":"sql.py","lineno":101}
{"timestamp":"2026-04-19T01:38:41.441152Z","level":"info","event":"Running statement: SELECT COUNT(*) FROM news WHERE category IS NULL;, parameters: None","logger":"airflow.task.hooks.airflow.providers.postgres.hooks.postgres.PostgresHook","filename":"sql.py","lineno":810}
{"timestamp":"2026-04-19T01:38:41.442907Z","level":"info","event":"Rows affected: 1","logger":"airflow.task.hooks.airflow.providers.postgres.hooks.postgres.PostgresHook","filename":"sql.py","lineno":822}
{"timestamp":"2026-04-19T01:39:11.487211Z","level":"info","event":"Poking: SELECT COUNT(*) FROM news WHERE category IS NULL; (with parameters None)","logger":"airflow.task.operators.airflow.providers.common.sql.sensors.sql.SqlSensor","filename":"sql.py","lineno":101}
{"timestamp":"2026-04-19T01:39:11.516928Z","level":"info","event":"Running statement: SELECT COUNT(*) FROM news WHERE category IS NULL;, parameters: None","logger":"airflow.task.hooks.airflow.providers.postgres.hooks.postgres.PostgresHook","filename":"sql.py","lineno":810}
{"timestamp":"2026-04-19T01:39:11.518806Z","level":"info","event":"Rows affected: 1","logger":"airflow.task.hooks.airflow.providers.postgres.hooks.postgres.PostgresHook","filename":"sql.py","lineno":822}
{"timestamp":"2026-04-19T01:39:41.569351Z","level":"info","event":"Poking: SELECT COUNT(*) FROM news WHERE category IS NULL; (with parameters None)","logger":"airflow.task.operators.airflow.providers.common.sql.sensors.sql.SqlSensor","filename":"sql.py","lineno":101}
{"timestamp":"2026-04-19T01:39:41.604659Z","level":"info","event":"Running statement: SELECT COUNT(*) FROM news WHERE category IS NULL;, parameters: None","logger":"airflow.task.hooks.airflow.providers.postgres.hooks.postgres.PostgresHook","filename":"sql.py","lineno":810}
{"timestamp":"2026-04-19T01:39:41.607520Z","level":"info","event":"Rows affected: 1","logger":"airflow.task.hooks.airflow.providers.postgres.hooks.postgres.PostgresHook","filename":"sql.py","lineno":822}
{"timestamp":"2026-04-19T01:39:41.612646Z","level":"error","event":"Task failed with exception","logger":"task","filename":"task_runner.py","lineno":961,"error_detail":[{"exc_type":"AirflowSensorTimeout","exc_value":"Sensor has timed out; run duration of 601.6574091630027 seconds exceeds the specified timeout of 600.0.","exc_notes":[],"syntax_error":null,"is_cause":false,"frames":[{"filename":"/home/airflow/.local/lib/python3.10/site-packages/airflow/sdk/execution_time/task_runner.py","lineno":920,"name":"run"},{"filename":"/home/airflow/.local/lib/python3.10/site-packages/airflow/sdk/execution_time/task_runner.py","lineno":1307,"name":"_execute_task"},{"filename":"/home/airflow/.local/lib/python3.10/site-packages/airflow/sdk/bases/operator.py","lineno":416,"name":"wrapper"},{"filename":"/home/airflow/.local/lib/python3.10/site-packages/airflow/sdk/bases/sensor.py","lineno":243,"name":"execute"}],"is_group":false,"exceptions":[]}]}
{"timestamp":"2026-04-19T01:39:41.623398Z","level":"info","event":"Task instance in failure state","logger":"task.stdout"}
{"timestamp":"2026-04-19T01:39:41.625079Z","level":"info","event":"Task start","logger":"task.stdout"}
{"timestamp":"2026-04-19T01:39:41.625445Z","level":"info","event":"Task:<Task(SqlSensor): wait_for_sql>","logger":"task.stdout"}
{"timestamp":"2026-04-19T01:39:41.625590Z","level":"info","event":"Failure caused by Sensor has timed out; run duration of 601.6574091630027 seconds exceeds the specified timeout of 600.0.","logger":"task.stdout"}
