{"timestamp":"2026-04-19T01:28:23.272677Z","level":"info","event":"NumExpr defaulting to 4 threads.","logger":"numexpr.utils","filename":"utils.py","lineno":164}
{"timestamp":"2026-04-19T01:28:23.797358Z","level":"info","event":"DAG bundles loaded: dags-folder, example_dags","logger":"airflow.dag_processing.bundles.manager.DagBundlesManager","filename":"manager.py","lineno":179}
{"timestamp":"2026-04-19T01:28:23.798178Z","level":"info","event":"Filling up the DagBag from /opt/airflow/dags/classification_dag.py","logger":"airflow.models.dagbag.DagBag","filename":"dagbag.py","lineno":593}
{"timestamp":"2026-04-19T01:28:23.853441Z","level":"info","event":"Task instance is in running state","logger":"task.stdout"}
{"timestamp":"2026-04-19T01:28:23.853680Z","level":"info","event":" Previous state of the Task instance: TaskInstanceState.QUEUED","logger":"task.stdout"}
{"timestamp":"2026-04-19T01:28:23.853965Z","level":"info","event":"Current task name:wait_for_sql","logger":"task.stdout"}
{"timestamp":"2026-04-19T01:28:23.854076Z","level":"info","event":"Dag name:Classification_dag","logger":"task.stdout"}
{"timestamp":"2026-04-19T01:28:23.875691Z","level":"info","event":"Poking: SELECT COUNT(*) FROM news WHERE category IS NULL; (with parameters None)","logger":"airflow.task.operators.airflow.providers.common.sql.sensors.sql.SqlSensor","filename":"sql.py","lineno":101}
{"timestamp":"2026-04-19T01:28:23.900193Z","level":"info","event":"Running statement: SELECT COUNT(*) FROM news WHERE category IS NULL;, parameters: None","logger":"airflow.task.hooks.airflow.providers.postgres.hooks.postgres.PostgresHook","filename":"sql.py","lineno":810}
{"timestamp":"2026-04-19T01:28:23.903349Z","level":"info","event":"Rows affected: 1","logger":"airflow.task.hooks.airflow.providers.postgres.hooks.postgres.PostgresHook","filename":"sql.py","lineno":822}
{"timestamp":"2026-04-19T01:28:53.949902Z","level":"info","event":"Poking: SELECT COUNT(*) FROM news WHERE category IS NULL; (with parameters None)","logger":"airflow.task.operators.airflow.providers.common.sql.sensors.sql.SqlSensor","filename":"sql.py","lineno":101}
{"timestamp":"2026-04-19T01:28:53.973401Z","level":"info","event":"Running statement: SELECT COUNT(*) FROM news WHERE category IS NULL;, parameters: None","logger":"airflow.task.hooks.airflow.providers.postgres.hooks.postgres.PostgresHook","filename":"sql.py","lineno":810}
{"timestamp":"2026-04-19T01:28:53.975769Z","level":"info","event":"Rows affected: 1","logger":"airflow.task.hooks.airflow.providers.postgres.hooks.postgres.PostgresHook","filename":"sql.py","lineno":822}
{"timestamp":"2026-04-19T01:29:24.009849Z","level":"info","event":"Poking: SELECT COUNT(*) FROM news WHERE category IS NULL; (with parameters None)","logger":"airflow.task.operators.airflow.providers.common.sql.sensors.sql.SqlSensor","filename":"sql.py","lineno":101}
{"timestamp":"2026-04-19T01:29:24.034201Z","level":"info","event":"Running statement: SELECT COUNT(*) FROM news WHERE category IS NULL;, parameters: None","logger":"airflow.task.hooks.airflow.providers.postgres.hooks.postgres.PostgresHook","filename":"sql.py","lineno":810}
{"timestamp":"2026-04-19T01:29:24.036323Z","level":"info","event":"Rows affected: 1","logger":"airflow.task.hooks.airflow.providers.postgres.hooks.postgres.PostgresHook","filename":"sql.py","lineno":822}
{"timestamp":"2026-04-19T01:29:54.083376Z","level":"info","event":"Poking: SELECT COUNT(*) FROM news WHERE category IS NULL; (with parameters None)","logger":"airflow.task.operators.airflow.providers.common.sql.sensors.sql.SqlSensor","filename":"sql.py","lineno":101}
{"timestamp":"2026-04-19T01:29:54.108134Z","level":"info","event":"Running statement: SELECT COUNT(*) FROM news WHERE category IS NULL;, parameters: None","logger":"airflow.task.hooks.airflow.providers.postgres.hooks.postgres.PostgresHook","filename":"sql.py","lineno":810}
{"timestamp":"2026-04-19T01:29:54.110724Z","level":"info","event":"Rows affected: 1","logger":"airflow.task.hooks.airflow.providers.postgres.hooks.postgres.PostgresHook","filename":"sql.py","lineno":822}
{"timestamp":"2026-04-19T01:30:24.157405Z","level":"info","event":"Poking: SELECT COUNT(*) FROM news WHERE category IS NULL; (with parameters None)","logger":"airflow.task.operators.airflow.providers.common.sql.sensors.sql.SqlSensor","filename":"sql.py","lineno":101}
{"timestamp":"2026-04-19T01:30:24.180750Z","level":"info","event":"Running statement: SELECT COUNT(*) FROM news WHERE category IS NULL;, parameters: None","logger":"airflow.task.hooks.airflow.providers.postgres.hooks.postgres.PostgresHook","filename":"sql.py","lineno":810}
{"timestamp":"2026-04-19T01:30:24.182610Z","level":"info","event":"Rows affected: 1","logger":"airflow.task.hooks.airflow.providers.postgres.hooks.postgres.PostgresHook","filename":"sql.py","lineno":822}
{"timestamp":"2026-04-19T01:30:49.322233Z","level":"error","event":"Server indicated the task shouldn't be running anymore. Terminating process","detail":{"detail":{"reason":"not_running","message":"TI is no longer in the running state and task should terminate","current_state":"success"}},"logger":"task"}
{"timestamp":"2026-04-19T01:30:54.206908Z","level":"info","event":"Poking: SELECT COUNT(*) FROM news WHERE category IS NULL; (with parameters None)","logger":"airflow.task.operators.airflow.providers.common.sql.sensors.sql.SqlSensor","filename":"sql.py","lineno":101}
{"timestamp":"2026-04-19T01:30:54.233555Z","level":"info","event":"Running statement: SELECT COUNT(*) FROM news WHERE category IS NULL;, parameters: None","logger":"airflow.task.hooks.airflow.providers.postgres.hooks.postgres.PostgresHook","filename":"sql.py","lineno":810}
{"timestamp":"2026-04-19T01:30:54.235511Z","level":"info","event":"Rows affected: 1","logger":"airflow.task.hooks.airflow.providers.postgres.hooks.postgres.PostgresHook","filename":"sql.py","lineno":822}
{"timestamp":"2026-04-19T01:30:54.358040Z","level":"error","event":"Task killed!","logger":"task"}
