{"timestamp":"2026-04-19T01:45:58.293428Z","level":"info","event":"NumExpr defaulting to 4 threads.","logger":"numexpr.utils","filename":"utils.py","lineno":164}
{"timestamp":"2026-04-19T01:45:58.781610Z","level":"info","event":"DAG bundles loaded: dags-folder, example_dags","logger":"airflow.dag_processing.bundles.manager.DagBundlesManager","filename":"manager.py","lineno":179}
{"timestamp":"2026-04-19T01:45:58.782633Z","level":"info","event":"Filling up the DagBag from /opt/airflow/dags/classification_dag.py","logger":"airflow.models.dagbag.DagBag","filename":"dagbag.py","lineno":593}
{"timestamp":"2026-04-19T01:45:58.866395Z","level":"info","event":"Task instance is in running state","logger":"task.stdout"}
{"timestamp":"2026-04-19T01:45:58.866706Z","level":"info","event":" Previous state of the Task instance: TaskInstanceState.QUEUED","logger":"task.stdout"}
{"timestamp":"2026-04-19T01:45:58.866860Z","level":"info","event":"Current task name:wait_for_sql","logger":"task.stdout"}
{"timestamp":"2026-04-19T01:45:58.867797Z","level":"info","event":"Dag name:Classification_dag","logger":"task.stdout"}
{"timestamp":"2026-04-19T01:45:58.895673Z","level":"info","event":"Poking: SELECT COUNT(*) FROM news WHERE category IS NULL; (with parameters None)","logger":"airflow.task.operators.airflow.providers.common.sql.sensors.sql.SqlSensor","filename":"sql.py","lineno":101}
{"timestamp":"2026-04-19T01:45:58.921696Z","level":"info","event":"Running statement: SELECT COUNT(*) FROM news WHERE category IS NULL;, parameters: None","logger":"airflow.task.hooks.airflow.providers.postgres.hooks.postgres.PostgresHook","filename":"sql.py","lineno":810}
{"timestamp":"2026-04-19T01:45:58.924636Z","level":"info","event":"Rows affected: 1","logger":"airflow.task.hooks.airflow.providers.postgres.hooks.postgres.PostgresHook","filename":"sql.py","lineno":822}
{"timestamp":"2026-04-19T01:46:28.973410Z","level":"info","event":"Poking: SELECT COUNT(*) FROM news WHERE category IS NULL; (with parameters None)","logger":"airflow.task.operators.airflow.providers.common.sql.sensors.sql.SqlSensor","filename":"sql.py","lineno":101}
{"timestamp":"2026-04-19T01:46:28.998771Z","level":"info","event":"Running statement: SELECT COUNT(*) FROM news WHERE category IS NULL;, parameters: None","logger":"airflow.task.hooks.airflow.providers.postgres.hooks.postgres.PostgresHook","filename":"sql.py","lineno":810}
{"timestamp":"2026-04-19T01:46:29.001848Z","level":"info","event":"Rows affected: 1","logger":"airflow.task.hooks.airflow.providers.postgres.hooks.postgres.PostgresHook","filename":"sql.py","lineno":822}
{"timestamp":"2026-04-19T01:46:59.058857Z","level":"info","event":"Poking: SELECT COUNT(*) FROM news WHERE category IS NULL; (with parameters None)","logger":"airflow.task.operators.airflow.providers.common.sql.sensors.sql.SqlSensor","filename":"sql.py","lineno":101}
{"timestamp":"2026-04-19T01:46:59.088558Z","level":"info","event":"Running statement: SELECT COUNT(*) FROM news WHERE category IS NULL;, parameters: None","logger":"airflow.task.hooks.airflow.providers.postgres.hooks.postgres.PostgresHook","filename":"sql.py","lineno":810}
{"timestamp":"2026-04-19T01:46:59.090774Z","level":"info","event":"Rows affected: 1","logger":"airflow.task.hooks.airflow.providers.postgres.hooks.postgres.PostgresHook","filename":"sql.py","lineno":822}
{"timestamp":"2026-04-19T01:47:29.138775Z","level":"info","event":"Poking: SELECT COUNT(*) FROM news WHERE category IS NULL; (with parameters None)","logger":"airflow.task.operators.airflow.providers.common.sql.sensors.sql.SqlSensor","filename":"sql.py","lineno":101}
{"timestamp":"2026-04-19T01:47:29.167098Z","level":"info","event":"Running statement: SELECT COUNT(*) FROM news WHERE category IS NULL;, parameters: None","logger":"airflow.task.hooks.airflow.providers.postgres.hooks.postgres.PostgresHook","filename":"sql.py","lineno":810}
{"timestamp":"2026-04-19T01:47:29.169462Z","level":"info","event":"Rows affected: 1","logger":"airflow.task.hooks.airflow.providers.postgres.hooks.postgres.PostgresHook","filename":"sql.py","lineno":822}
{"timestamp":"2026-04-19T01:47:59.218993Z","level":"info","event":"Poking: SELECT COUNT(*) FROM news WHERE category IS NULL; (with parameters None)","logger":"airflow.task.operators.airflow.providers.common.sql.sensors.sql.SqlSensor","filename":"sql.py","lineno":101}
{"timestamp":"2026-04-19T01:47:59.246681Z","level":"info","event":"Running statement: SELECT COUNT(*) FROM news WHERE category IS NULL;, parameters: None","logger":"airflow.task.hooks.airflow.providers.postgres.hooks.postgres.PostgresHook","filename":"sql.py","lineno":810}
{"timestamp":"2026-04-19T01:47:59.249018Z","level":"info","event":"Rows affected: 1","logger":"airflow.task.hooks.airflow.providers.postgres.hooks.postgres.PostgresHook","filename":"sql.py","lineno":822}
{"timestamp":"2026-04-19T01:48:29.310782Z","level":"info","event":"Poking: SELECT COUNT(*) FROM news WHERE category IS NULL; (with parameters None)","logger":"airflow.task.operators.airflow.providers.common.sql.sensors.sql.SqlSensor","filename":"sql.py","lineno":101}
{"timestamp":"2026-04-19T01:48:29.346662Z","level":"info","event":"Running statement: SELECT COUNT(*) FROM news WHERE category IS NULL;, parameters: None","logger":"airflow.task.hooks.airflow.providers.postgres.hooks.postgres.PostgresHook","filename":"sql.py","lineno":810}
{"timestamp":"2026-04-19T01:48:29.348917Z","level":"info","event":"Rows affected: 1","logger":"airflow.task.hooks.airflow.providers.postgres.hooks.postgres.PostgresHook","filename":"sql.py","lineno":822}
{"timestamp":"2026-04-19T01:48:59.396283Z","level":"info","event":"Poking: SELECT COUNT(*) FROM news WHERE category IS NULL; (with parameters None)","logger":"airflow.task.operators.airflow.providers.common.sql.sensors.sql.SqlSensor","filename":"sql.py","lineno":101}
{"timestamp":"2026-04-19T01:48:59.421052Z","level":"info","event":"Running statement: SELECT COUNT(*) FROM news WHERE category IS NULL;, parameters: None","logger":"airflow.task.hooks.airflow.providers.postgres.hooks.postgres.PostgresHook","filename":"sql.py","lineno":810}
{"timestamp":"2026-04-19T01:48:59.423057Z","level":"info","event":"Rows affected: 1","logger":"airflow.task.hooks.airflow.providers.postgres.hooks.postgres.PostgresHook","filename":"sql.py","lineno":822}
{"timestamp":"2026-04-19T01:48:59.428787Z","level":"info","event":"Success criteria met. Exiting.","logger":"airflow.task.operators.airflow.providers.common.sql.sensors.sql.SqlSensor","filename":"sensor.py","lineno":250}
{"timestamp":"2026-04-19T01:48:59.495607Z","level":"info","event":"Task instance in success state","logger":"task.stdout"}
{"timestamp":"2026-04-19T01:48:59.495896Z","level":"info","event":" Previous state of the Task instance: TaskInstanceState.RUNNING","logger":"task.stdout"}
{"timestamp":"2026-04-19T01:48:59.496018Z","level":"info","event":"Task operator:<Task(SqlSensor): wait_for_sql>","logger":"task.stdout"}
