{"timestamp":"2026-04-19T01:31:08.640561Z","level":"info","event":"NumExpr defaulting to 4 threads.","logger":"numexpr.utils","filename":"utils.py","lineno":164}
{"timestamp":"2026-04-19T01:31:09.116518Z","level":"info","event":"DAG bundles loaded: dags-folder, example_dags","logger":"airflow.dag_processing.bundles.manager.DagBundlesManager","filename":"manager.py","lineno":179}
{"timestamp":"2026-04-19T01:31:09.117512Z","level":"info","event":"Filling up the DagBag from /opt/airflow/dags/classification_dag.py","logger":"airflow.models.dagbag.DagBag","filename":"dagbag.py","lineno":593}
{"timestamp":"2026-04-19T01:31:09.181423Z","level":"info","event":"Task instance is in running state","logger":"task.stdout"}
{"timestamp":"2026-04-19T01:31:09.181657Z","level":"info","event":" Previous state of the Task instance: TaskInstanceState.QUEUED","logger":"task.stdout"}
{"timestamp":"2026-04-19T01:31:09.182759Z","level":"info","event":"Current task name:wait_for_sql","logger":"task.stdout"}
{"timestamp":"2026-04-19T01:31:09.183248Z","level":"info","event":"Dag name:Classification_dag","logger":"task.stdout"}
{"timestamp":"2026-04-19T01:31:09.209331Z","level":"info","event":"Poking: SELECT COUNT(*) FROM news WHERE category IS NULL; (with parameters None)","logger":"airflow.task.operators.airflow.providers.common.sql.sensors.sql.SqlSensor","filename":"sql.py","lineno":101}
{"timestamp":"2026-04-19T01:31:09.233586Z","level":"info","event":"Running statement: SELECT COUNT(*) FROM news WHERE category IS NULL;, parameters: None","logger":"airflow.task.hooks.airflow.providers.postgres.hooks.postgres.PostgresHook","filename":"sql.py","lineno":810}
{"timestamp":"2026-04-19T01:31:09.236381Z","level":"info","event":"Rows affected: 1","logger":"airflow.task.hooks.airflow.providers.postgres.hooks.postgres.PostgresHook","filename":"sql.py","lineno":822}
{"timestamp":"2026-04-19T01:31:39.281063Z","level":"info","event":"Poking: SELECT COUNT(*) FROM news WHERE category IS NULL; (with parameters None)","logger":"airflow.task.operators.airflow.providers.common.sql.sensors.sql.SqlSensor","filename":"sql.py","lineno":101}
{"timestamp":"2026-04-19T01:31:39.307714Z","level":"info","event":"Running statement: SELECT COUNT(*) FROM news WHERE category IS NULL;, parameters: None","logger":"airflow.task.hooks.airflow.providers.postgres.hooks.postgres.PostgresHook","filename":"sql.py","lineno":810}
{"timestamp":"2026-04-19T01:31:39.310938Z","level":"info","event":"Rows affected: 1","logger":"airflow.task.hooks.airflow.providers.postgres.hooks.postgres.PostgresHook","filename":"sql.py","lineno":822}
{"timestamp":"2026-04-19T01:32:09.358433Z","level":"info","event":"Poking: SELECT COUNT(*) FROM news WHERE category IS NULL; (with parameters None)","logger":"airflow.task.operators.airflow.providers.common.sql.sensors.sql.SqlSensor","filename":"sql.py","lineno":101}
{"timestamp":"2026-04-19T01:32:09.384792Z","level":"info","event":"Running statement: SELECT COUNT(*) FROM news WHERE category IS NULL;, parameters: None","logger":"airflow.task.hooks.airflow.providers.postgres.hooks.postgres.PostgresHook","filename":"sql.py","lineno":810}
{"timestamp":"2026-04-19T01:32:09.386612Z","level":"info","event":"Rows affected: 1","logger":"airflow.task.hooks.airflow.providers.postgres.hooks.postgres.PostgresHook","filename":"sql.py","lineno":822}
{"timestamp":"2026-04-19T01:32:39.432916Z","level":"info","event":"Poking: SELECT COUNT(*) FROM news WHERE category IS NULL; (with parameters None)","logger":"airflow.task.operators.airflow.providers.common.sql.sensors.sql.SqlSensor","filename":"sql.py","lineno":101}
{"timestamp":"2026-04-19T01:32:39.457548Z","level":"info","event":"Running statement: SELECT COUNT(*) FROM news WHERE category IS NULL;, parameters: None","logger":"airflow.task.hooks.airflow.providers.postgres.hooks.postgres.PostgresHook","filename":"sql.py","lineno":810}
{"timestamp":"2026-04-19T01:32:39.459694Z","level":"info","event":"Rows affected: 1","logger":"airflow.task.hooks.airflow.providers.postgres.hooks.postgres.PostgresHook","filename":"sql.py","lineno":822}
{"timestamp":"2026-04-19T01:33:09.511880Z","level":"info","event":"Poking: SELECT COUNT(*) FROM news WHERE category IS NULL; (with parameters None)","logger":"airflow.task.operators.airflow.providers.common.sql.sensors.sql.SqlSensor","filename":"sql.py","lineno":101}
{"timestamp":"2026-04-19T01:33:09.553204Z","level":"info","event":"Running statement: SELECT COUNT(*) FROM news WHERE category IS NULL;, parameters: None","logger":"airflow.task.hooks.airflow.providers.postgres.hooks.postgres.PostgresHook","filename":"sql.py","lineno":810}
{"timestamp":"2026-04-19T01:33:09.555018Z","level":"info","event":"Rows affected: 1","logger":"airflow.task.hooks.airflow.providers.postgres.hooks.postgres.PostgresHook","filename":"sql.py","lineno":822}
{"timestamp":"2026-04-19T01:33:39.602655Z","level":"info","event":"Poking: SELECT COUNT(*) FROM news WHERE category IS NULL; (with parameters None)","logger":"airflow.task.operators.airflow.providers.common.sql.sensors.sql.SqlSensor","filename":"sql.py","lineno":101}
{"timestamp":"2026-04-19T01:33:39.630685Z","level":"info","event":"Running statement: SELECT COUNT(*) FROM news WHERE category IS NULL;, parameters: None","logger":"airflow.task.hooks.airflow.providers.postgres.hooks.postgres.PostgresHook","filename":"sql.py","lineno":810}
{"timestamp":"2026-04-19T01:33:39.633712Z","level":"info","event":"Rows affected: 1","logger":"airflow.task.hooks.airflow.providers.postgres.hooks.postgres.PostgresHook","filename":"sql.py","lineno":822}
{"timestamp":"2026-04-19T01:34:09.678218Z","level":"info","event":"Poking: SELECT COUNT(*) FROM news WHERE category IS NULL; (with parameters None)","logger":"airflow.task.operators.airflow.providers.common.sql.sensors.sql.SqlSensor","filename":"sql.py","lineno":101}
{"timestamp":"2026-04-19T01:34:09.699462Z","level":"info","event":"Running statement: SELECT COUNT(*) FROM news WHERE category IS NULL;, parameters: None","logger":"airflow.task.hooks.airflow.providers.postgres.hooks.postgres.PostgresHook","filename":"sql.py","lineno":810}
{"timestamp":"2026-04-19T01:34:09.701882Z","level":"info","event":"Rows affected: 1","logger":"airflow.task.hooks.airflow.providers.postgres.hooks.postgres.PostgresHook","filename":"sql.py","lineno":822}
{"timestamp":"2026-04-19T01:34:39.754654Z","level":"info","event":"Poking: SELECT COUNT(*) FROM news WHERE category IS NULL; (with parameters None)","logger":"airflow.task.operators.airflow.providers.common.sql.sensors.sql.SqlSensor","filename":"sql.py","lineno":101}
{"timestamp":"2026-04-19T01:34:39.781061Z","level":"info","event":"Running statement: SELECT COUNT(*) FROM news WHERE category IS NULL;, parameters: None","logger":"airflow.task.hooks.airflow.providers.postgres.hooks.postgres.PostgresHook","filename":"sql.py","lineno":810}
{"timestamp":"2026-04-19T01:34:39.782541Z","level":"info","event":"Rows affected: 1","logger":"airflow.task.hooks.airflow.providers.postgres.hooks.postgres.PostgresHook","filename":"sql.py","lineno":822}
{"timestamp":"2026-04-19T01:35:09.831867Z","level":"info","event":"Poking: SELECT COUNT(*) FROM news WHERE category IS NULL; (with parameters None)","logger":"airflow.task.operators.airflow.providers.common.sql.sensors.sql.SqlSensor","filename":"sql.py","lineno":101}
{"timestamp":"2026-04-19T01:35:09.860294Z","level":"info","event":"Running statement: SELECT COUNT(*) FROM news WHERE category IS NULL;, parameters: None","logger":"airflow.task.hooks.airflow.providers.postgres.hooks.postgres.PostgresHook","filename":"sql.py","lineno":810}
{"timestamp":"2026-04-19T01:35:09.861897Z","level":"info","event":"Rows affected: 1","logger":"airflow.task.hooks.airflow.providers.postgres.hooks.postgres.PostgresHook","filename":"sql.py","lineno":822}
{"timestamp":"2026-04-19T01:35:39.909890Z","level":"info","event":"Poking: SELECT COUNT(*) FROM news WHERE category IS NULL; (with parameters None)","logger":"airflow.task.operators.airflow.providers.common.sql.sensors.sql.SqlSensor","filename":"sql.py","lineno":101}
{"timestamp":"2026-04-19T01:35:39.931211Z","level":"info","event":"Running statement: SELECT COUNT(*) FROM news WHERE category IS NULL;, parameters: None","logger":"airflow.task.hooks.airflow.providers.postgres.hooks.postgres.PostgresHook","filename":"sql.py","lineno":810}
{"timestamp":"2026-04-19T01:35:39.933042Z","level":"info","event":"Rows affected: 1","logger":"airflow.task.hooks.airflow.providers.postgres.hooks.postgres.PostgresHook","filename":"sql.py","lineno":822}
{"timestamp":"2026-04-19T01:36:09.982416Z","level":"info","event":"Poking: SELECT COUNT(*) FROM news WHERE category IS NULL; (with parameters None)","logger":"airflow.task.operators.airflow.providers.common.sql.sensors.sql.SqlSensor","filename":"sql.py","lineno":101}
{"timestamp":"2026-04-19T01:36:10.007042Z","level":"info","event":"Running statement: SELECT COUNT(*) FROM news WHERE category IS NULL;, parameters: None","logger":"airflow.task.hooks.airflow.providers.postgres.hooks.postgres.PostgresHook","filename":"sql.py","lineno":810}
{"timestamp":"2026-04-19T01:36:10.008734Z","level":"info","event":"Rows affected: 1","logger":"airflow.task.hooks.airflow.providers.postgres.hooks.postgres.PostgresHook","filename":"sql.py","lineno":822}
{"timestamp":"2026-04-19T01:36:40.058831Z","level":"info","event":"Poking: SELECT COUNT(*) FROM news WHERE category IS NULL; (with parameters None)","logger":"airflow.task.operators.airflow.providers.common.sql.sensors.sql.SqlSensor","filename":"sql.py","lineno":101}
{"timestamp":"2026-04-19T01:36:40.090715Z","level":"info","event":"Running statement: SELECT COUNT(*) FROM news WHERE category IS NULL;, parameters: None","logger":"airflow.task.hooks.airflow.providers.postgres.hooks.postgres.PostgresHook","filename":"sql.py","lineno":810}
{"timestamp":"2026-04-19T01:36:40.093815Z","level":"info","event":"Rows affected: 1","logger":"airflow.task.hooks.airflow.providers.postgres.hooks.postgres.PostgresHook","filename":"sql.py","lineno":822}
{"timestamp":"2026-04-19T01:37:10.142711Z","level":"info","event":"Poking: SELECT COUNT(*) FROM news WHERE category IS NULL; (with parameters None)","logger":"airflow.task.operators.airflow.providers.common.sql.sensors.sql.SqlSensor","filename":"sql.py","lineno":101}
{"timestamp":"2026-04-19T01:37:10.170197Z","level":"info","event":"Running statement: SELECT COUNT(*) FROM news WHERE category IS NULL;, parameters: None","logger":"airflow.task.hooks.airflow.providers.postgres.hooks.postgres.PostgresHook","filename":"sql.py","lineno":810}
{"timestamp":"2026-04-19T01:37:10.172270Z","level":"info","event":"Rows affected: 1","logger":"airflow.task.hooks.airflow.providers.postgres.hooks.postgres.PostgresHook","filename":"sql.py","lineno":822}
{"timestamp":"2026-04-19T01:37:40.214775Z","level":"info","event":"Poking: SELECT COUNT(*) FROM news WHERE category IS NULL; (with parameters None)","logger":"airflow.task.operators.airflow.providers.common.sql.sensors.sql.SqlSensor","filename":"sql.py","lineno":101}
{"timestamp":"2026-04-19T01:37:40.240406Z","level":"info","event":"Running statement: SELECT COUNT(*) FROM news WHERE category IS NULL;, parameters: None","logger":"airflow.task.hooks.airflow.providers.postgres.hooks.postgres.PostgresHook","filename":"sql.py","lineno":810}
{"timestamp":"2026-04-19T01:37:40.242631Z","level":"info","event":"Rows affected: 1","logger":"airflow.task.hooks.airflow.providers.postgres.hooks.postgres.PostgresHook","filename":"sql.py","lineno":822}
{"timestamp":"2026-04-19T01:38:10.291900Z","level":"info","event":"Poking: SELECT COUNT(*) FROM news WHERE category IS NULL; (with parameters None)","logger":"airflow.task.operators.airflow.providers.common.sql.sensors.sql.SqlSensor","filename":"sql.py","lineno":101}
{"timestamp":"2026-04-19T01:38:10.317294Z","level":"info","event":"Running statement: SELECT COUNT(*) FROM news WHERE category IS NULL;, parameters: None","logger":"airflow.task.hooks.airflow.providers.postgres.hooks.postgres.PostgresHook","filename":"sql.py","lineno":810}
{"timestamp":"2026-04-19T01:38:10.319682Z","level":"info","event":"Rows affected: 1","logger":"airflow.task.hooks.airflow.providers.postgres.hooks.postgres.PostgresHook","filename":"sql.py","lineno":822}
{"timestamp":"2026-04-19T01:38:40.369520Z","level":"info","event":"Poking: SELECT COUNT(*) FROM news WHERE category IS NULL; (with parameters None)","logger":"airflow.task.operators.airflow.providers.common.sql.sensors.sql.SqlSensor","filename":"sql.py","lineno":101}
{"timestamp":"2026-04-19T01:38:40.398385Z","level":"info","event":"Running statement: SELECT COUNT(*) FROM news WHERE category IS NULL;, parameters: None","logger":"airflow.task.hooks.airflow.providers.postgres.hooks.postgres.PostgresHook","filename":"sql.py","lineno":810}
{"timestamp":"2026-04-19T01:38:40.401227Z","level":"info","event":"Rows affected: 1","logger":"airflow.task.hooks.airflow.providers.postgres.hooks.postgres.PostgresHook","filename":"sql.py","lineno":822}
{"timestamp":"2026-04-19T01:39:10.452531Z","level":"info","event":"Poking: SELECT COUNT(*) FROM news WHERE category IS NULL; (with parameters None)","logger":"airflow.task.operators.airflow.providers.common.sql.sensors.sql.SqlSensor","filename":"sql.py","lineno":101}
{"timestamp":"2026-04-19T01:39:10.476359Z","level":"info","event":"Running statement: SELECT COUNT(*) FROM news WHERE category IS NULL;, parameters: None","logger":"airflow.task.hooks.airflow.providers.postgres.hooks.postgres.PostgresHook","filename":"sql.py","lineno":810}
{"timestamp":"2026-04-19T01:39:10.477798Z","level":"info","event":"Rows affected: 1","logger":"airflow.task.hooks.airflow.providers.postgres.hooks.postgres.PostgresHook","filename":"sql.py","lineno":822}
{"timestamp":"2026-04-19T01:39:40.526924Z","level":"info","event":"Poking: SELECT COUNT(*) FROM news WHERE category IS NULL; (with parameters None)","logger":"airflow.task.operators.airflow.providers.common.sql.sensors.sql.SqlSensor","filename":"sql.py","lineno":101}
{"timestamp":"2026-04-19T01:39:40.555947Z","level":"info","event":"Running statement: SELECT COUNT(*) FROM news WHERE category IS NULL;, parameters: None","logger":"airflow.task.hooks.airflow.providers.postgres.hooks.postgres.PostgresHook","filename":"sql.py","lineno":810}
{"timestamp":"2026-04-19T01:39:40.558101Z","level":"info","event":"Rows affected: 1","logger":"airflow.task.hooks.airflow.providers.postgres.hooks.postgres.PostgresHook","filename":"sql.py","lineno":822}
{"timestamp":"2026-04-19T01:40:10.604114Z","level":"info","event":"Poking: SELECT COUNT(*) FROM news WHERE category IS NULL; (with parameters None)","logger":"airflow.task.operators.airflow.providers.common.sql.sensors.sql.SqlSensor","filename":"sql.py","lineno":101}
{"timestamp":"2026-04-19T01:40:10.632792Z","level":"info","event":"Running statement: SELECT COUNT(*) FROM news WHERE category IS NULL;, parameters: None","logger":"airflow.task.hooks.airflow.providers.postgres.hooks.postgres.PostgresHook","filename":"sql.py","lineno":810}
{"timestamp":"2026-04-19T01:40:10.634861Z","level":"info","event":"Rows affected: 1","logger":"airflow.task.hooks.airflow.providers.postgres.hooks.postgres.PostgresHook","filename":"sql.py","lineno":822}
{"timestamp":"2026-04-19T01:40:40.676265Z","level":"info","event":"Poking: SELECT COUNT(*) FROM news WHERE category IS NULL; (with parameters None)","logger":"airflow.task.operators.airflow.providers.common.sql.sensors.sql.SqlSensor","filename":"sql.py","lineno":101}
{"timestamp":"2026-04-19T01:40:40.696563Z","level":"info","event":"Running statement: SELECT COUNT(*) FROM news WHERE category IS NULL;, parameters: None","logger":"airflow.task.hooks.airflow.providers.postgres.hooks.postgres.PostgresHook","filename":"sql.py","lineno":810}
{"timestamp":"2026-04-19T01:40:40.699016Z","level":"info","event":"Rows affected: 1","logger":"airflow.task.hooks.airflow.providers.postgres.hooks.postgres.PostgresHook","filename":"sql.py","lineno":822}
{"timestamp":"2026-04-19T01:41:10.737209Z","level":"info","event":"Poking: SELECT COUNT(*) FROM news WHERE category IS NULL; (with parameters None)","logger":"airflow.task.operators.airflow.providers.common.sql.sensors.sql.SqlSensor","filename":"sql.py","lineno":101}
{"timestamp":"2026-04-19T01:41:10.758712Z","level":"info","event":"Running statement: SELECT COUNT(*) FROM news WHERE category IS NULL;, parameters: None","logger":"airflow.task.hooks.airflow.providers.postgres.hooks.postgres.PostgresHook","filename":"sql.py","lineno":810}
{"timestamp":"2026-04-19T01:41:10.760369Z","level":"info","event":"Rows affected: 1","logger":"airflow.task.hooks.airflow.providers.postgres.hooks.postgres.PostgresHook","filename":"sql.py","lineno":822}
{"timestamp":"2026-04-19T01:41:10.761234Z","level":"error","event":"Task failed with exception","logger":"task","filename":"task_runner.py","lineno":961,"error_detail":[{"exc_type":"AirflowSensorTimeout","exc_value":"Sensor has timed out; run duration of 601.5782009640097 seconds exceeds the specified timeout of 600.0.","exc_notes":[],"syntax_error":null,"is_cause":false,"frames":[{"filename":"/home/airflow/.local/lib/python3.10/site-packages/airflow/sdk/execution_time/task_runner.py","lineno":920,"name":"run"},{"filename":"/home/airflow/.local/lib/python3.10/site-packages/airflow/sdk/execution_time/task_runner.py","lineno":1307,"name":"_execute_task"},{"filename":"/home/airflow/.local/lib/python3.10/site-packages/airflow/sdk/bases/operator.py","lineno":416,"name":"wrapper"},{"filename":"/home/airflow/.local/lib/python3.10/site-packages/airflow/sdk/bases/sensor.py","lineno":243,"name":"execute"}],"is_group":false,"exceptions":[]}]}
{"timestamp":"2026-04-19T01:41:10.764745Z","level":"info","event":"Task instance in failure state","logger":"task.stdout"}
{"timestamp":"2026-04-19T01:41:10.765603Z","level":"info","event":"Task start","logger":"task.stdout"}
{"timestamp":"2026-04-19T01:41:10.765807Z","level":"info","event":"Task:<Task(SqlSensor): wait_for_sql>","logger":"task.stdout"}
{"timestamp":"2026-04-19T01:41:10.766050Z","level":"info","event":"Failure caused by Sensor has timed out; run duration of 601.5782009640097 seconds exceeds the specified timeout of 600.0.","logger":"task.stdout"}
